#! /usr/bin/vvp
:ivl_version "0.9.7 " "(v0_9_7)";
:vpi_time_precision + 0;
:vpi_module "system";
:vpi_module "v2005_math";
:vpi_module "va_math";
S_0x9139a0 .scope module, "TestMooreMachine" "TestMooreMachine" 2 38;
 .timescale 0 0;
v0x929c30_0 .var "clk", 0 0;
v0x929cd0_0 .var "reset", 0 0;
v0x929d80_0 .var "x", 0 0;
v0x929e30_0 .net "y", 0 0, v0x929b50_0; 1 drivers
S_0x913a90 .scope module, "dut" "moore" 2 41, 2 1, S_0x9139a0;
 .timescale 0 0;
P_0x8db698 .param/l "A" 2 4, +C4<0>;
P_0x8db6c0 .param/l "B" 2 4, +C4<01>;
P_0x8db6e8 .param/l "C" 2 4, +C4<010>;
P_0x8db710 .param/l "D" 2 4, +C4<011>;
P_0x8db738 .param/l "E" 2 4, +C4<0100>;
v0x8dc3c0_0 .net "clk", 0 0, v0x929c30_0; 1 drivers
v0x9298c0_0 .var "ns", 2 0;
v0x929960_0 .var "ps", 2 0;
v0x929a00_0 .net "reset", 0 0, v0x929cd0_0; 1 drivers
v0x929ab0_0 .net "x", 0 0, v0x929d80_0; 1 drivers
v0x929b50_0 .var "y", 0 0;
E_0x8ed170 .event edge, v0x929960_0;
E_0x8f0a60 .event edge, v0x929ab0_0, v0x929960_0;
E_0x8db770 .event posedge, v0x929a00_0, v0x8dc3c0_0;
    .scope S_0x913a90;
T_0 ;
    %wait E_0x8db770;
    %load/v 8, v0x929a00_0, 1;
    %jmp/0xz  T_0.0, 8;
    %ix/load 0, 3, 0;
    %assign/v0 v0x929960_0, 0, 0;
    %jmp T_0.1;
T_0.0 ;
    %load/v 8, v0x9298c0_0, 3;
    %ix/load 0, 3, 0;
    %assign/v0 v0x929960_0, 0, 8;
T_0.1 ;
    %jmp T_0;
    .thread T_0;
    .scope S_0x913a90;
T_1 ;
    %wait E_0x8f0a60;
    %load/v 8, v0x929960_0, 3;
    %cmpi/u 8, 0, 3;
    %jmp/1 T_1.0, 6;
    %cmpi/u 8, 1, 3;
    %jmp/1 T_1.1, 6;
    %cmpi/u 8, 2, 3;
    %jmp/1 T_1.2, 6;
    %cmpi/u 8, 3, 3;
    %jmp/1 T_1.3, 6;
    %cmpi/u 8, 4, 3;
    %jmp/1 T_1.4, 6;
    %set/v v0x929960_0, 0, 3;
    %jmp T_1.6;
T_1.0 ;
    %load/v 11, v0x929ab0_0, 1;
    %jmp/0  T_1.7, 11;
    %movi 12, 1, 2;
    %jmp/1  T_1.9, 11;
T_1.7 ; End of true expr.
    %jmp/0  T_1.8, 11;
 ; End of false expr.
    %blend  12, 0, 2; Condition unknown.
    %jmp  T_1.9;
T_1.8 ;
    %mov 12, 0, 2; Return false value
T_1.9 ;
    %mov 8, 12, 2;
    %mov 10, 9, 1;
    %set/v v0x9298c0_0, 8, 3;
    %jmp T_1.6;
T_1.1 ;
    %load/v 8, v0x929ab0_0, 1;
    %jmp/0  T_1.10, 8;
    %movi 9, 1, 3;
    %jmp/1  T_1.12, 8;
T_1.10 ; End of true expr.
    %movi 12, 2, 3;
    %jmp/0  T_1.11, 8;
 ; End of false expr.
    %blend  9, 12, 3; Condition unknown.
    %jmp  T_1.12;
T_1.11 ;
    %mov 9, 12, 3; Return false value
T_1.12 ;
    %set/v v0x9298c0_0, 9, 3;
    %jmp T_1.6;
T_1.2 ;
    %load/v 8, v0x929ab0_0, 1;
    %jmp/0  T_1.13, 8;
    %movi 9, 3, 3;
    %jmp/1  T_1.15, 8;
T_1.13 ; End of true expr.
    %jmp/0  T_1.14, 8;
 ; End of false expr.
    %blend  9, 0, 3; Condition unknown.
    %jmp  T_1.15;
T_1.14 ;
    %mov 9, 0, 3; Return false value
T_1.15 ;
    %set/v v0x9298c0_0, 9, 3;
    %jmp T_1.6;
T_1.3 ;
    %load/v 8, v0x929ab0_0, 1;
    %jmp/0  T_1.16, 8;
    %movi 9, 1, 4;
    %jmp/1  T_1.18, 8;
T_1.16 ; End of true expr.
    %movi 13, 4, 4;
    %jmp/0  T_1.17, 8;
 ; End of false expr.
    %blend  9, 13, 4; Condition unknown.
    %jmp  T_1.18;
T_1.17 ;
    %mov 9, 13, 4; Return false value
T_1.18 ;
    %set/v v0x9298c0_0, 9, 3;
    %jmp T_1.6;
T_1.4 ;
    %load/v 8, v0x929ab0_0, 1;
    %jmp/0  T_1.19, 8;
    %movi 9, 3, 3;
    %jmp/1  T_1.21, 8;
T_1.19 ; End of true expr.
    %jmp/0  T_1.20, 8;
 ; End of false expr.
    %blend  9, 0, 3; Condition unknown.
    %jmp  T_1.21;
T_1.20 ;
    %mov 9, 0, 3; Return false value
T_1.21 ;
    %set/v v0x9298c0_0, 9, 3;
    %jmp T_1.6;
T_1.6 ;
    %jmp T_1;
    .thread T_1, $push;
    .scope S_0x913a90;
T_2 ;
    %wait E_0x8ed170;
    %load/v 8, v0x929960_0, 3;
    %cmpi/u 8, 0, 3;
    %jmp/1 T_2.0, 6;
    %cmpi/u 8, 1, 3;
    %jmp/1 T_2.1, 6;
    %cmpi/u 8, 2, 3;
    %jmp/1 T_2.2, 6;
    %cmpi/u 8, 3, 3;
    %jmp/1 T_2.3, 6;
    %cmpi/u 8, 4, 3;
    %jmp/1 T_2.4, 6;
    %jmp T_2.5;
T_2.0 ;
    %set/v v0x929b50_0, 0, 1;
    %jmp T_2.5;
T_2.1 ;
    %set/v v0x929b50_0, 0, 1;
    %jmp T_2.5;
T_2.2 ;
    %set/v v0x929b50_0, 0, 1;
    %jmp T_2.5;
T_2.3 ;
    %set/v v0x929b50_0, 0, 1;
    %jmp T_2.5;
T_2.4 ;
    %set/v v0x929b50_0, 1, 1;
    %jmp T_2.5;
T_2.5 ;
    %jmp T_2;
    .thread T_2, $push;
    .scope S_0x9139a0;
T_3 ;
    %vpi_call 2 44 "$dumpfile", "moore.vcd";
    %vpi_call 2 45 "$dumpvars", 1'sb0, S_0x9139a0;
    %vpi_call 2 46 "$display", "\012This machine is check the sequence of 1010";
    %end;
    .thread T_3;
    .scope S_0x9139a0;
T_4 ;
    %delay 5, 0;
    %load/v 8, v0x929c30_0, 1;
    %inv 8, 1;
    %set/v v0x929c30_0, 8, 1;
    %jmp T_4;
    .thread T_4;
    .scope S_0x9139a0;
T_5 ;
    %vpi_call 2 51 "$monitor", $time, "\011Reset=%b  X=%b  PS=%b  NS=%b  Y=%b", v0x929cd0_0, v0x929d80_0, v0x929960_0, v0x9298c0_0, v0x929e30_0;
    %delay 10, 0;
    %set/v v0x929c30_0, 0, 1;
    %set/v v0x929cd0_0, 1, 1;
    %delay 12, 0;
    %set/v v0x929cd0_0, 0, 1;
    %delay 8, 0;
    %set/v v0x929d80_0, 1, 1;
    %delay 10, 0;
    %set/v v0x929d80_0, 0, 1;
    %delay 10, 0;
    %set/v v0x929d80_0, 1, 1;
    %delay 10, 0;
    %set/v v0x929d80_0, 0, 1;
    %delay 10, 0;
    %set/v v0x929d80_0, 0, 1;
    %delay 10, 0;
    %set/v v0x929d80_0, 0, 1;
    %delay 10, 0;
    %set/v v0x929d80_0, 1, 1;
    %delay 10, 0;
    %set/v v0x929d80_0, 0, 1;
    %delay 10, 0;
    %set/v v0x929d80_0, 1, 1;
    %delay 10, 0;
    %set/v v0x929d80_0, 0, 1;
    %delay 10, 0;
    %set/v v0x929d80_0, 1, 1;
    %delay 10, 0;
    %set/v v0x929d80_0, 0, 1;
    %delay 10, 0;
    %set/v v0x929d80_0, 1, 1;
    %delay 10, 0;
    %set/v v0x929d80_0, 0, 1;
    %delay 10, 0;
    %vpi_call 2 58 "$finish";
    %end;
    .thread T_5;
# The file index is used to find the file name in the following table.
:file_names 3;
    "N/A";
    "<interactive>";
    "moore.v";
